<?xml version="1.0" encoding="UTF-8"?>
<testng-results ignored="0" total="3" passed="3" failed="0" skipped="0">
  <reporter-output>
  </reporter-output>
  <suite started-at="2020-10-02T10:54:17 IST" name="Default suite" finished-at="2020-10-02T10:54:37 IST" duration-ms="19945">
    <groups>
    </groups>
    <test started-at="2020-10-02T10:54:17 IST" name="Default test" finished-at="2020-10-02T10:54:37 IST" duration-ms="19945">
      <class name="TestNGPackage1.DataProvidedTest">
        <test-method is-config="true" signature="BrowserSetup()[pri:0, instance:TestNGPackage1.DataProvidedTest@20d28811]" started-at="2020-10-02T10:54:17 IST" name="BrowserSetup" finished-at="2020-10-02T10:54:27 IST" duration-ms="9603" status="PASS">
          <reporter-output>
          </reporter-output>
        </test-method> <!-- BrowserSetup -->
        <test-method signature="testMethod(java.lang.String, java.lang.String)[pri:0, instance:TestNGPackage1.DataProvidedTest@20d28811]" started-at="2020-10-02T10:54:27 IST" name="testMethod" data-provider="SearchProvider" finished-at="2020-10-02T10:54:30 IST" duration-ms="3251" status="PASS">
          <params>
            <param index="0">
              <value>
                <![CDATA[Guru99]]>
              </value>
            </param>
            <param index="1">
              <value>
                <![CDATA[India]]>
              </value>
            </param>
          </params>
          <reporter-output>
          </reporter-output>
        </test-method> <!-- testMethod -->
        <test-method signature="testMethod(java.lang.String, java.lang.String)[pri:0, instance:TestNGPackage1.DataProvidedTest@20d28811]" started-at="2020-10-02T10:54:30 IST" name="testMethod" data-provider="SearchProvider" finished-at="2020-10-02T10:54:33 IST" duration-ms="3204" status="PASS">
          <params>
            <param index="0">
              <value>
                <![CDATA[Krishna]]>
              </value>
            </param>
            <param index="1">
              <value>
                <![CDATA[UK]]>
              </value>
            </param>
          </params>
          <reporter-output>
          </reporter-output>
        </test-method> <!-- testMethod -->
        <test-method signature="testMethod(java.lang.String, java.lang.String)[pri:0, instance:TestNGPackage1.DataProvidedTest@20d28811]" started-at="2020-10-02T10:54:33 IST" name="testMethod" data-provider="SearchProvider" finished-at="2020-10-02T10:54:36 IST" duration-ms="3198" status="PASS">
          <params>
            <param index="0">
              <value>
                <![CDATA[Bhupesh]]>
              </value>
            </param>
            <param index="1">
              <value>
                <![CDATA[USA]]>
              </value>
            </param>
          </params>
          <reporter-output>
          </reporter-output>
        </test-method> <!-- testMethod -->
        <test-method is-config="true" signature="BrowserShutdown()[pri:0, instance:TestNGPackage1.DataProvidedTest@20d28811]" started-at="2020-10-02T10:54:36 IST" name="BrowserShutdown" finished-at="2020-10-02T10:54:37 IST" duration-ms="636" status="PASS">
          <reporter-output>
          </reporter-output>
        </test-method> <!-- BrowserShutdown -->
      </class> <!-- TestNGPackage1.DataProvidedTest -->
    </test> <!-- Default test -->
  </suite> <!-- Default suite -->
</testng-results>
