<?xml version="1.0" encoding="UTF-8"?>
<!-- Generated by org.testng.reporters.JUnitXMLReporter -->
<testsuite ignored="0" hostname="DESKTOP-JJM95Q6" failures="0" tests="3" name="Default test" time="17.553" errors="0" timestamp="2020-10-02T12:48:52 IST">
  <testcase classname="TestNGPackage1.DataDrivenTest1" name="testMethod" time="4.288"/>
  <testcase classname="TestNGPackage1.DataDrivenTest1" name="testMethod" time="3.351"/>
  <testcase classname="TestNGPackage1.DataDrivenTest1" name="testMethod" time="3.313"/>
</testsuite> <!-- Default test -->
