<?xml version="1.0" encoding="UTF-8"?>
<!-- Generated by org.testng.reporters.JUnitXMLReporter -->
<testsuite ignored="0" hostname="DESKTOP-JJM95Q6" failures="0" tests="3" name="Default test" time="19.945" errors="0" timestamp="2020-10-02T10:54:37 IST">
  <testcase classname="TestNGPackage1.DataProvidedTest" name="testMethod" time="3.251"/>
  <testcase classname="TestNGPackage1.DataProvidedTest" name="testMethod" time="3.204"/>
  <testcase classname="TestNGPackage1.DataProvidedTest" name="testMethod" time="3.198"/>
</testsuite> <!-- Default test -->
